1616166267.452434 client started (49503): version 3.1c, socket /private/tmp/tmux-502/default, protocol 8
1616166267.452493 on Darwin 20.3.0 Darwin Kernel Version 20.3.0: Thu Jan 21 00:07:06 PST 2021; root:xnu-7195.81.3~1/RELEASE_X86_64; libevent 2.1.12-stable (select)
1616166267.452548 socket is /private/tmp/tmux-502/default
1616166267.452572 trying connect
1616166267.452688 add peer 0x7fc400008000: 6 (0x0)
1616166267.454547 sending message 100 to peer 0x7fc400008000 (4 bytes)
1616166267.454568 sending message 101 to peer 0x7fc400008000 (15 bytes)
1616166267.454579 sending message 102 to peer 0x7fc400008000 (13 bytes)
1616166267.454586 sending message 108 to peer 0x7fc400008000 (42 bytes)
1616166267.454600 sending message 104 to peer 0x7fc400008000 (0 bytes)
1616166267.454607 sending message 107 to peer 0x7fc400008000 (4 bytes)
1616166267.454614 sending message 105 to peer 0x7fc400008000 (60 bytes)
1616166267.454620 sending message 105 to peer 0x7fc400008000 (66 bytes)
1616166267.454626 sending message 105 to peer 0x7fc400008000 (26 bytes)
1616166267.454633 sending message 105 to peer 0x7fc400008000 (15 bytes)
1616166267.454639 sending message 105 to peer 0x7fc400008000 (22 bytes)
1616166267.454645 sending message 105 to peer 0x7fc400008000 (14 bytes)
1616166267.454651 sending message 105 to peer 0x7fc400008000 (46 bytes)
1616166267.454658 sending message 105 to peer 0x7fc400008000 (25 bytes)
1616166267.454664 sending message 105 to peer 0x7fc400008000 (43 bytes)
1616166267.454670 sending message 105 to peer 0x7fc400008000 (27 bytes)
1616166267.454676 sending message 105 to peer 0x7fc400008000 (23 bytes)
1616166267.454683 sending message 105 to peer 0x7fc400008000 (256 bytes)
1616166267.454689 sending message 105 to peer 0x7fc400008000 (19 bytes)
1616166267.454695 sending message 105 to peer 0x7fc400008000 (20 bytes)
1616166267.454701 sending message 105 to peer 0x7fc400008000 (22 bytes)
1616166267.454707 sending message 105 to peer 0x7fc400008000 (20 bytes)
1616166267.454714 sending message 105 to peer 0x7fc400008000 (23 bytes)
1616166267.454720 sending message 105 to peer 0x7fc400008000 (57 bytes)
1616166267.454726 sending message 105 to peer 0x7fc400008000 (16 bytes)
1616166267.454732 sending message 105 to peer 0x7fc400008000 (19 bytes)
1616166267.454738 sending message 105 to peer 0x7fc400008000 (19 bytes)
1616166267.454745 sending message 105 to peer 0x7fc400008000 (61 bytes)
1616166267.454751 sending message 105 to peer 0x7fc400008000 (32 bytes)
1616166267.454757 sending message 105 to peer 0x7fc400008000 (8 bytes)
1616166267.454763 sending message 105 to peer 0x7fc400008000 (40 bytes)
1616166267.454769 sending message 105 to peer 0x7fc400008000 (38 bytes)
1616166267.454776 sending message 105 to peer 0x7fc400008000 (20 bytes)
1616166267.454782 sending message 105 to peer 0x7fc400008000 (21 bytes)
1616166267.454821 sending message 105 to peer 0x7fc400008000 (11 bytes)
1616166267.454829 sending message 105 to peer 0x7fc400008000 (22 bytes)
1616166267.454837 sending message 105 to peer 0x7fc400008000 (54 bytes)
1616166267.454845 sending message 105 to peer 0x7fc400008000 (49 bytes)
1616166267.454853 sending message 105 to peer 0x7fc400008000 (24 bytes)
1616166267.454861 sending message 105 to peer 0x7fc400008000 (58 bytes)
1616166267.454869 sending message 105 to peer 0x7fc400008000 (53 bytes)
1616166267.454878 sending message 105 to peer 0x7fc400008000 (70 bytes)
1616166267.454886 sending message 105 to peer 0x7fc400008000 (29 bytes)
1616166267.454894 sending message 105 to peer 0x7fc400008000 (28 bytes)
1616166267.454902 sending message 105 to peer 0x7fc400008000 (21 bytes)
1616166267.454910 sending message 105 to peer 0x7fc400008000 (38 bytes)
1616166267.454918 sending message 105 to peer 0x7fc400008000 (45 bytes)
1616166267.454926 sending message 105 to peer 0x7fc400008000 (16 bytes)
1616166267.454934 sending message 105 to peer 0x7fc400008000 (22 bytes)
1616166267.454942 sending message 105 to peer 0x7fc400008000 (22 bytes)
1616166267.454950 sending message 105 to peer 0x7fc400008000 (10 bytes)
1616166267.454958 sending message 105 to peer 0x7fc400008000 (12 bytes)
1616166267.454980 sending message 105 to peer 0x7fc400008000 (22 bytes)
1616166267.454986 sending message 105 to peer 0x7fc400008000 (55 bytes)
1616166267.454992 sending message 105 to peer 0x7fc400008000 (16 bytes)
1616166267.454997 sending message 105 to peer 0x7fc400008000 (253 bytes)
1616166267.455003 sending message 105 to peer 0x7fc400008000 (61 bytes)
1616166267.455008 sending message 105 to peer 0x7fc400008000 (38 bytes)
1616166267.455014 sending message 105 to peer 0x7fc400008000 (17 bytes)
1616166267.455020 sending message 105 to peer 0x7fc400008000 (35 bytes)
1616166267.455025 sending message 105 to peer 0x7fc400008000 (56 bytes)
1616166267.455031 sending message 105 to peer 0x7fc400008000 (77 bytes)
1616166267.455036 sending message 105 to peer 0x7fc400008000 (86 bytes)
1616166267.455042 sending message 105 to peer 0x7fc400008000 (17 bytes)
1616166267.455047 sending message 105 to peer 0x7fc400008000 (22 bytes)
1616166267.455053 sending message 106 to peer 0x7fc400008000 (0 bytes)
1616166267.455062 sending message 200 to peer 0x7fc400008000 (4 bytes)
1616166267.455068 client loop enter
1616166267.456814 peer 0x7fc400008000 message 207
1616166267.456840 sending message 208 to peer 0x7fc400008000 (0 bytes)
1616166270.668448 peer 0x7fc400008000 message 203
1616166270.668473 sending message 205 to peer 0x7fc400008000 (0 bytes)
1616166270.668760 peer 0x7fc400008000 message 204
1616166270.668784 client loop exit
